[0.027s] Invoking command in '/home/santiregui/ros2_ws/src/etasl_ros2/build/etasl_ros2': CMAKE_PREFIX_PATH=/opt/ros/humble /usr/bin/cmake --build /home/santiregui/ros2_ws/src/etasl_ros2/build/etasl_ros2 -- -j16 -l16
[0.045s] -- Found ament_cmake: 1.3.8 (/opt/ros/humble/share/ament_cmake/cmake)
[0.123s] -- Found rclcpp: 16.0.8 (/opt/ros/humble/share/rclcpp/cmake)
[0.140s] -- Found rosidl_generator_c: 3.1.5 (/opt/ros/humble/share/rosidl_generator_c/cmake)
[0.141s] -- Found rosidl_adapter: 3.1.5 (/opt/ros/humble/share/rosidl_adapter/cmake)
[0.144s] -- Found rosidl_generator_cpp: 3.1.5 (/opt/ros/humble/share/rosidl_generator_cpp/cmake)
[0.150s] -- Using all available rosidl_typesupport_c: rosidl_typesupport_fastrtps_c;rosidl_typesupport_introspection_c
[0.159s] -- Using all available rosidl_typesupport_cpp: rosidl_typesupport_fastrtps_cpp;rosidl_typesupport_introspection_cpp
[0.189s] -- Found rmw_implementation_cmake: 6.1.1 (/opt/ros/humble/share/rmw_implementation_cmake/cmake)
[0.190s] -- Found rmw_fastrtps_cpp: 6.2.6 (/opt/ros/humble/share/rmw_fastrtps_cpp/cmake)
[0.269s] -- Using RMW implementation 'rmw_fastrtps_cpp' as default
[0.353s] -- Found sensor_msgs: 4.2.3 (/opt/ros/humble/share/sensor_msgs/cmake)
[0.423s] -- Found Boost: /usr/lib/x86_64-linux-gnu/cmake/Boost-1.74.0/BoostConfig.cmake (found version "1.74.0") found components: random 
[0.426s] -- Found Boost: /usr/lib/x86_64-linux-gnu/cmake/Boost-1.74.0/BoostConfig.cmake (found version "1.74.0") found components: chrono 
[0.427s] [31mCMake Error at /opt/ros/humble/share/ament_cmake_target_dependencies/cmake/ament_target_dependencies.cmake:77 (message):
[0.427s]   ament_target_dependencies() the passed package name
[0.427s]   'etasl::expressiongraph_context' was not found before
[0.427s] Call Stack (most recent call first):
[0.427s]   CMakeLists.txt:20 (ament_target_dependencies)
[0.427s] 
[0.427s] [0m
[0.428s] -- Configuring incomplete, errors occurred!
[0.428s] See also "/home/santiregui/ros2_ws/src/etasl_ros2/build/etasl_ros2/CMakeFiles/CMakeOutput.log".
[0.434s] gmake: *** [Makefile:294: cmake_check_build_system] Error 1
[0.437s] Invoked command in '/home/santiregui/ros2_ws/src/etasl_ros2/build/etasl_ros2' returned '2': CMAKE_PREFIX_PATH=/opt/ros/humble /usr/bin/cmake --build /home/santiregui/ros2_ws/src/etasl_ros2/build/etasl_ros2 -- -j16 -l16
