-- Found ament_cmake: 1.3.8 (/opt/ros/humble/share/ament_cmake/cmake)
-- Found rclcpp: 16.0.8 (/opt/ros/humble/share/rclcpp/cmake)
-- Found rosidl_generator_c: 3.1.5 (/opt/ros/humble/share/rosidl_generator_c/cmake)
-- Found rosidl_adapter: 3.1.5 (/opt/ros/humble/share/rosidl_adapter/cmake)
-- Found rosidl_generator_cpp: 3.1.5 (/opt/ros/humble/share/rosidl_generator_cpp/cmake)
-- Using all available rosidl_typesupport_c: rosidl_typesupport_fastrtps_c;rosidl_typesupport_introspection_c
-- Using all available rosidl_typesupport_cpp: rosidl_typesupport_fastrtps_cpp;rosidl_typesupport_introspection_cpp
-- Found rmw_implementation_cmake: 6.1.1 (/opt/ros/humble/share/rmw_implementation_cmake/cmake)
-- Found rmw_fastrtps_cpp: 6.2.6 (/opt/ros/humble/share/rmw_fastrtps_cpp/cmake)
-- Using RMW implementation 'rmw_fastrtps_cpp' as default
-- Found sensor_msgs: 4.2.3 (/opt/ros/humble/share/sensor_msgs/cmake)
-- Found Boost: /usr/lib/x86_64-linux-gnu/cmake/Boost-1.74.0/BoostConfig.cmake (found version "1.74.0") found components: random 
-- Found Boost: /usr/lib/x86_64-linux-gnu/cmake/Boost-1.74.0/BoostConfig.cmake (found version "1.74.0") found components: chrono 
-- Found ament_lint_auto: 0.12.10 (/opt/ros/humble/share/ament_lint_auto/cmake)
-- Added test 'cppcheck' to perform static code analysis on C / C++ code
-- Configured cppcheck include dirs: $<BUILD_INTERFACE:/home/santiregui/ros2_ws/src/etasl_ros2/include>
-- Configured cppcheck exclude dirs and/or files: 
-- Added test 'flake8' to check Python code syntax and style conventions
-- Added test 'lint_cmake' to check CMake code style
-- Added test 'pep257' to check Python code against some of the docstring style conventions in PEP 257
-- Added test 'uncrustify' to check C / C++ code style
-- Configured uncrustify additional arguments: 
-- Added test 'xmllint' to check XML markup files
-- Configuring done
-- Generating done
-- Build files have been written to: /home/santiregui/ros2_ws/src/etasl_ros2/build/etasl_ros2
[35m[1mConsolidate compiler generated dependencies of target etasl_node[0m
[ 50%] [32m[1mLinking CXX executable etasl_node[0m
[100%] Built target etasl_node
-- Install configuration: ""
-- Installing: /home/santiregui/ros2_ws/src/etasl_ros2/install/etasl_ros2/lib/etasl_ros2/etasl_node
-- Set runtime path of "/home/santiregui/ros2_ws/src/etasl_ros2/install/etasl_ros2/lib/etasl_ros2/etasl_node" to ""
-- Up-to-date: /home/santiregui/ros2_ws/src/etasl_ros2/install/etasl_ros2/share/ament_index/resource_index/package_run_dependencies/etasl_ros2
-- Up-to-date: /home/santiregui/ros2_ws/src/etasl_ros2/install/etasl_ros2/share/ament_index/resource_index/parent_prefix_path/etasl_ros2
-- Up-to-date: /home/santiregui/ros2_ws/src/etasl_ros2/install/etasl_ros2/share/etasl_ros2/environment/ament_prefix_path.sh
-- Installing: /home/santiregui/ros2_ws/src/etasl_ros2/install/etasl_ros2/share/etasl_ros2/environment/ament_prefix_path.dsv
-- Up-to-date: /home/santiregui/ros2_ws/src/etasl_ros2/install/etasl_ros2/share/etasl_ros2/environment/path.sh
-- Installing: /home/santiregui/ros2_ws/src/etasl_ros2/install/etasl_ros2/share/etasl_ros2/environment/path.dsv
-- Up-to-date: /home/santiregui/ros2_ws/src/etasl_ros2/install/etasl_ros2/share/etasl_ros2/local_setup.bash
-- Up-to-date: /home/santiregui/ros2_ws/src/etasl_ros2/install/etasl_ros2/share/etasl_ros2/local_setup.sh
-- Up-to-date: /home/santiregui/ros2_ws/src/etasl_ros2/install/etasl_ros2/share/etasl_ros2/local_setup.zsh
-- Installing: /home/santiregui/ros2_ws/src/etasl_ros2/install/etasl_ros2/share/etasl_ros2/local_setup.dsv
-- Installing: /home/santiregui/ros2_ws/src/etasl_ros2/install/etasl_ros2/share/etasl_ros2/package.dsv
-- Up-to-date: /home/santiregui/ros2_ws/src/etasl_ros2/install/etasl_ros2/share/ament_index/resource_index/packages/etasl_ros2
-- Up-to-date: /home/santiregui/ros2_ws/src/etasl_ros2/install/etasl_ros2/share/etasl_ros2/cmake/etasl_ros2Config.cmake
-- Up-to-date: /home/santiregui/ros2_ws/src/etasl_ros2/install/etasl_ros2/share/etasl_ros2/cmake/etasl_ros2Config-version.cmake
-- Up-to-date: /home/santiregui/ros2_ws/src/etasl_ros2/install/etasl_ros2/share/etasl_ros2/package.xml
