[0.026s] Invoking command in '/home/santiregui/ros2_ws/src/etasl_ros2/build/etasl_ros2': CMAKE_PREFIX_PATH=/opt/ros/humble /usr/bin/cmake --build /home/santiregui/ros2_ws/src/etasl_ros2/build/etasl_ros2 -- -j16 -l16
[0.044s] -- Found ament_cmake: 1.3.8 (/opt/ros/humble/share/ament_cmake/cmake)
[0.121s] -- Found rclcpp: 16.0.8 (/opt/ros/humble/share/rclcpp/cmake)
[0.138s] -- Found rosidl_generator_c: 3.1.5 (/opt/ros/humble/share/rosidl_generator_c/cmake)
[0.139s] -- Found rosidl_adapter: 3.1.5 (/opt/ros/humble/share/rosidl_adapter/cmake)
[0.143s] -- Found rosidl_generator_cpp: 3.1.5 (/opt/ros/humble/share/rosidl_generator_cpp/cmake)
[0.149s] -- Using all available rosidl_typesupport_c: rosidl_typesupport_fastrtps_c;rosidl_typesupport_introspection_c
[0.157s] -- Using all available rosidl_typesupport_cpp: rosidl_typesupport_fastrtps_cpp;rosidl_typesupport_introspection_cpp
[0.188s] -- Found rmw_implementation_cmake: 6.1.1 (/opt/ros/humble/share/rmw_implementation_cmake/cmake)
[0.189s] -- Found rmw_fastrtps_cpp: 6.2.6 (/opt/ros/humble/share/rmw_fastrtps_cpp/cmake)
[0.268s] -- Using RMW implementation 'rmw_fastrtps_cpp' as default
[0.352s] -- Found sensor_msgs: 4.2.3 (/opt/ros/humble/share/sensor_msgs/cmake)
[0.422s] -- Found Boost: /usr/lib/x86_64-linux-gnu/cmake/Boost-1.74.0/BoostConfig.cmake (found version "1.74.0") found components: random 
[0.425s] -- Found Boost: /usr/lib/x86_64-linux-gnu/cmake/Boost-1.74.0/BoostConfig.cmake (found version "1.74.0") found components: chrono 
[0.426s] -- Found ament_lint_auto: 0.12.10 (/opt/ros/humble/share/ament_lint_auto/cmake)
[0.478s] -- Added test 'cppcheck' to perform static code analysis on C / C++ code
[0.479s] -- Configured cppcheck include dirs: $<BUILD_INTERFACE:/home/santiregui/ros2_ws/src/etasl_ros2/include>
[0.479s] -- Configured cppcheck exclude dirs and/or files: 
[0.480s] -- Added test 'flake8' to check Python code syntax and style conventions
[0.482s] -- Added test 'lint_cmake' to check CMake code style
[0.483s] -- Added test 'pep257' to check Python code against some of the docstring style conventions in PEP 257
[0.494s] -- Added test 'uncrustify' to check C / C++ code style
[0.494s] -- Configured uncrustify additional arguments: 
[0.494s] -- Added test 'xmllint' to check XML markup files
[0.495s] -- Configuring done
[0.502s] -- Generating done
[0.503s] -- Build files have been written to: /home/santiregui/ros2_ws/src/etasl_ros2/build/etasl_ros2
[0.526s] [35m[1mConsolidate compiler generated dependencies of target etasl_node[0m
[0.542s] [ 50%] [32m[1mLinking CXX executable etasl_node[0m
[0.661s] [100%] Built target etasl_node
[0.672s] Invoked command in '/home/santiregui/ros2_ws/src/etasl_ros2/build/etasl_ros2' returned '0': CMAKE_PREFIX_PATH=/opt/ros/humble /usr/bin/cmake --build /home/santiregui/ros2_ws/src/etasl_ros2/build/etasl_ros2 -- -j16 -l16
[0.710s] Invoking command in '/home/santiregui/ros2_ws/src/etasl_ros2/build/etasl_ros2': CMAKE_PREFIX_PATH=/opt/ros/humble /usr/bin/cmake --install /home/santiregui/ros2_ws/src/etasl_ros2/build/etasl_ros2
[0.714s] -- Install configuration: ""
[0.714s] -- Installing: /home/santiregui/ros2_ws/src/etasl_ros2/install/etasl_ros2/lib/etasl_ros2/etasl_node
[0.716s] -- Set runtime path of "/home/santiregui/ros2_ws/src/etasl_ros2/install/etasl_ros2/lib/etasl_ros2/etasl_node" to ""
[0.716s] -- Up-to-date: /home/santiregui/ros2_ws/src/etasl_ros2/install/etasl_ros2/share/ament_index/resource_index/package_run_dependencies/etasl_ros2
[0.716s] -- Up-to-date: /home/santiregui/ros2_ws/src/etasl_ros2/install/etasl_ros2/share/ament_index/resource_index/parent_prefix_path/etasl_ros2
[0.716s] -- Up-to-date: /home/santiregui/ros2_ws/src/etasl_ros2/install/etasl_ros2/share/etasl_ros2/environment/ament_prefix_path.sh
[0.716s] -- Installing: /home/santiregui/ros2_ws/src/etasl_ros2/install/etasl_ros2/share/etasl_ros2/environment/ament_prefix_path.dsv
[0.716s] -- Up-to-date: /home/santiregui/ros2_ws/src/etasl_ros2/install/etasl_ros2/share/etasl_ros2/environment/path.sh
[0.716s] -- Installing: /home/santiregui/ros2_ws/src/etasl_ros2/install/etasl_ros2/share/etasl_ros2/environment/path.dsv
[0.716s] -- Up-to-date: /home/santiregui/ros2_ws/src/etasl_ros2/install/etasl_ros2/share/etasl_ros2/local_setup.bash
[0.716s] -- Up-to-date: /home/santiregui/ros2_ws/src/etasl_ros2/install/etasl_ros2/share/etasl_ros2/local_setup.sh
[0.716s] -- Up-to-date: /home/santiregui/ros2_ws/src/etasl_ros2/install/etasl_ros2/share/etasl_ros2/local_setup.zsh
[0.716s] -- Installing: /home/santiregui/ros2_ws/src/etasl_ros2/install/etasl_ros2/share/etasl_ros2/local_setup.dsv
[0.716s] -- Installing: /home/santiregui/ros2_ws/src/etasl_ros2/install/etasl_ros2/share/etasl_ros2/package.dsv
[0.716s] -- Up-to-date: /home/santiregui/ros2_ws/src/etasl_ros2/install/etasl_ros2/share/ament_index/resource_index/packages/etasl_ros2
[0.716s] -- Up-to-date: /home/santiregui/ros2_ws/src/etasl_ros2/install/etasl_ros2/share/etasl_ros2/cmake/etasl_ros2Config.cmake
[0.716s] -- Up-to-date: /home/santiregui/ros2_ws/src/etasl_ros2/install/etasl_ros2/share/etasl_ros2/cmake/etasl_ros2Config-version.cmake
[0.716s] -- Up-to-date: /home/santiregui/ros2_ws/src/etasl_ros2/install/etasl_ros2/share/etasl_ros2/package.xml
[0.718s] Invoked command in '/home/santiregui/ros2_ws/src/etasl_ros2/build/etasl_ros2' returned '0': CMAKE_PREFIX_PATH=/opt/ros/humble /usr/bin/cmake --install /home/santiregui/ros2_ws/src/etasl_ros2/build/etasl_ros2
