[0.416s] DEBUG:colcon:Command line arguments: ['/usr/bin/colcon', 'build']
[0.416s] DEBUG:colcon:Parsed command line arguments: Namespace(log_base=None, log_level=None, verb_name='build', build_base='build', install_base='install', merge_install=False, symlink_install=False, test_result_base=None, continue_on_error=False, executor='parallel', parallel_workers=16, event_handlers=None, ignore_user_meta=False, metas=['./colcon.meta'], base_paths=['.'], packages_ignore=None, packages_ignore_regex=None, paths=None, packages_up_to=None, packages_up_to_regex=None, packages_above=None, packages_above_and_dependencies=None, packages_above_depth=None, packages_select_by_dep=None, packages_skip_by_dep=None, packages_skip_up_to=None, packages_select_build_failed=False, packages_skip_build_finished=False, packages_select_test_failures=False, packages_skip_test_passed=False, packages_select=None, packages_skip=None, packages_select_regex=None, packages_skip_regex=None, packages_start=None, packages_end=None, allow_overriding=[], cmake_args=None, cmake_target=None, cmake_target_skip_unavailable=False, cmake_clean_cache=False, cmake_clean_first=False, cmake_force_configure=False, ament_cmake_args=None, catkin_cmake_args=None, catkin_skip_building_tests=False, verb_parser=<colcon_defaults.argument_parser.defaults.DefaultArgumentsDecorator object at 0x777742579480>, verb_extension=<colcon_core.verb.build.BuildVerb object at 0x777742511d50>, main=<bound method BuildVerb.main of <colcon_core.verb.build.BuildVerb object at 0x777742511d50>>)
[0.436s] Level 1:colcon.colcon_core.package_discovery:discover_packages(colcon_meta) check parameters
[0.436s] Level 1:colcon.colcon_core.package_discovery:discover_packages(recursive) check parameters
[0.436s] Level 1:colcon.colcon_core.package_discovery:discover_packages(ignore) check parameters
[0.436s] Level 1:colcon.colcon_core.package_discovery:discover_packages(path) check parameters
[0.436s] Level 1:colcon.colcon_core.package_discovery:discover_packages(colcon_meta) discover
[0.436s] Level 1:colcon.colcon_core.package_discovery:discover_packages(recursive) discover
[0.436s] INFO:colcon.colcon_core.package_discovery:Crawling recursively for packages in '/home/santiregui/ros2_ws/src/etasl_ros2'
[0.436s] Level 1:colcon.colcon_core.package_identification:_identify(.) by extensions ['ignore', 'ignore_ament_install']
[0.436s] Level 1:colcon.colcon_core.package_identification:_identify(.) by extension 'ignore'
[0.436s] Level 1:colcon.colcon_core.package_identification:_identify(.) by extension 'ignore_ament_install'
[0.436s] Level 1:colcon.colcon_core.package_identification:_identify(.) by extensions ['colcon_pkg']
[0.436s] Level 1:colcon.colcon_core.package_identification:_identify(.) by extension 'colcon_pkg'
[0.436s] Level 1:colcon.colcon_core.package_identification:_identify(.) by extensions ['colcon_meta']
[0.436s] Level 1:colcon.colcon_core.package_identification:_identify(.) by extension 'colcon_meta'
[0.436s] Level 1:colcon.colcon_core.package_identification:_identify(.) by extensions ['ros']
[0.436s] Level 1:colcon.colcon_core.package_identification:_identify(.) by extension 'ros'
[0.443s] DEBUG:colcon.colcon_core.package_identification:Package '.' with type 'ros.ament_cmake' and name 'etasl_ros2'
[0.443s] Level 1:colcon.colcon_core.package_discovery:discover_packages(recursive) using defaults
[0.443s] Level 1:colcon.colcon_core.package_discovery:discover_packages(ignore) discover
[0.443s] Level 1:colcon.colcon_core.package_discovery:discover_packages(ignore) using defaults
[0.444s] Level 1:colcon.colcon_core.package_discovery:discover_packages(path) discover
[0.444s] Level 1:colcon.colcon_core.package_discovery:discover_packages(path) using defaults
[0.483s] Level 1:colcon.colcon_core.package_discovery:discover_packages(prefix_path) check parameters
[0.483s] Level 1:colcon.colcon_core.package_discovery:discover_packages(prefix_path) discover
[0.496s] DEBUG:colcon.colcon_installed_package_information.package_discovery:Found 1 installed packages in /home/santiregui/ros2_ws/src/etasl_ros2/install
[0.502s] DEBUG:colcon.colcon_installed_package_information.package_discovery:Found 288 installed packages in /opt/ros/humble
[0.503s] Level 1:colcon.colcon_core.package_discovery:discover_packages(prefix_path) using defaults
[0.557s] Level 5:colcon.colcon_core.verb:set package 'etasl_ros2' build argument 'cmake_args' from command line to 'None'
[0.557s] Level 5:colcon.colcon_core.verb:set package 'etasl_ros2' build argument 'cmake_target' from command line to 'None'
[0.557s] Level 5:colcon.colcon_core.verb:set package 'etasl_ros2' build argument 'cmake_target_skip_unavailable' from command line to 'False'
[0.557s] Level 5:colcon.colcon_core.verb:set package 'etasl_ros2' build argument 'cmake_clean_cache' from command line to 'False'
[0.557s] Level 5:colcon.colcon_core.verb:set package 'etasl_ros2' build argument 'cmake_clean_first' from command line to 'False'
[0.557s] Level 5:colcon.colcon_core.verb:set package 'etasl_ros2' build argument 'cmake_force_configure' from command line to 'False'
[0.557s] Level 5:colcon.colcon_core.verb:set package 'etasl_ros2' build argument 'ament_cmake_args' from command line to 'None'
[0.557s] Level 5:colcon.colcon_core.verb:set package 'etasl_ros2' build argument 'catkin_cmake_args' from command line to 'None'
[0.557s] Level 5:colcon.colcon_core.verb:set package 'etasl_ros2' build argument 'catkin_skip_building_tests' from command line to 'False'
[0.557s] DEBUG:colcon.colcon_core.verb:Building package 'etasl_ros2' with the following arguments: {'ament_cmake_args': None, 'build_base': '/home/santiregui/ros2_ws/src/etasl_ros2/build/etasl_ros2', 'catkin_cmake_args': None, 'catkin_skip_building_tests': False, 'cmake_args': None, 'cmake_clean_cache': False, 'cmake_clean_first': False, 'cmake_force_configure': False, 'cmake_target': None, 'cmake_target_skip_unavailable': False, 'install_base': '/home/santiregui/ros2_ws/src/etasl_ros2/install/etasl_ros2', 'merge_install': False, 'path': '/home/santiregui/ros2_ws/src/etasl_ros2', 'symlink_install': False, 'test_result_base': None}
[0.563s] INFO:colcon.colcon_core.executor:Executing jobs using 'parallel' executor
[0.569s] DEBUG:colcon.colcon_parallel_executor.executor.parallel:run_until_complete
[0.569s] INFO:colcon.colcon_ros.task.ament_cmake.build:Building ROS package in '/home/santiregui/ros2_ws/src/etasl_ros2' with build type 'ament_cmake'
[0.569s] INFO:colcon.colcon_cmake.task.cmake.build:Building CMake package in '/home/santiregui/ros2_ws/src/etasl_ros2'
[0.576s] INFO:colcon.colcon_core.plugin_system:Skipping extension 'colcon_core.shell.bat': Not used on non-Windows systems
[0.577s] INFO:colcon.colcon_core.shell:Skip shell extension 'powershell' for command environment: Not usable outside of PowerShell
[0.577s] DEBUG:colcon.colcon_core.shell:Skip shell extension 'dsv' for command environment
[0.602s] DEBUG:colcon.colcon_core.event_handler.log_command:Invoking command in '/home/santiregui/ros2_ws/src/etasl_ros2/build/etasl_ros2': CMAKE_PREFIX_PATH=${CMAKE_PREFIX_PATH}:/opt/ros/humble /usr/bin/cmake --build /home/santiregui/ros2_ws/src/etasl_ros2/build/etasl_ros2 -- -j16 -l16
[3.413s] DEBUG:colcon.colcon_core.event_handler.log_command:Invoked command in '/home/santiregui/ros2_ws/src/etasl_ros2/build/etasl_ros2' returned '0': CMAKE_PREFIX_PATH=${CMAKE_PREFIX_PATH}:/opt/ros/humble /usr/bin/cmake --build /home/santiregui/ros2_ws/src/etasl_ros2/build/etasl_ros2 -- -j16 -l16
[3.449s] DEBUG:colcon.colcon_core.event_handler.log_command:Invoking command in '/home/santiregui/ros2_ws/src/etasl_ros2/build/etasl_ros2': CMAKE_PREFIX_PATH=${CMAKE_PREFIX_PATH}:/opt/ros/humble /usr/bin/cmake --install /home/santiregui/ros2_ws/src/etasl_ros2/build/etasl_ros2
[3.457s] Level 1:colcon.colcon_core.environment:create_environment_scripts_only(etasl_ros2)
[3.458s] DEBUG:colcon.colcon_core.event_handler.log_command:Invoked command in '/home/santiregui/ros2_ws/src/etasl_ros2/build/etasl_ros2' returned '0': CMAKE_PREFIX_PATH=${CMAKE_PREFIX_PATH}:/opt/ros/humble /usr/bin/cmake --install /home/santiregui/ros2_ws/src/etasl_ros2/build/etasl_ros2
[3.465s] Level 1:colcon.colcon_core.environment:checking '/home/santiregui/ros2_ws/src/etasl_ros2/install/etasl_ros2' for CMake module files
[3.465s] Level 1:colcon.colcon_core.environment:checking '/home/santiregui/ros2_ws/src/etasl_ros2/install/etasl_ros2' for CMake config files
[3.465s] Level 1:colcon.colcon_core.shell:create_environment_hook('etasl_ros2', 'cmake_prefix_path')
[3.471s] INFO:colcon.colcon_core.shell:Creating environment hook '/home/santiregui/ros2_ws/src/etasl_ros2/install/etasl_ros2/share/etasl_ros2/hook/cmake_prefix_path.ps1'
[3.471s] INFO:colcon.colcon_core.shell:Creating environment descriptor '/home/santiregui/ros2_ws/src/etasl_ros2/install/etasl_ros2/share/etasl_ros2/hook/cmake_prefix_path.dsv'
[3.471s] INFO:colcon.colcon_core.shell:Creating environment hook '/home/santiregui/ros2_ws/src/etasl_ros2/install/etasl_ros2/share/etasl_ros2/hook/cmake_prefix_path.sh'
[3.472s] Level 1:colcon.colcon_core.environment:checking '/home/santiregui/ros2_ws/src/etasl_ros2/install/etasl_ros2/lib'
[3.472s] Level 1:colcon.colcon_core.environment:checking '/home/santiregui/ros2_ws/src/etasl_ros2/install/etasl_ros2/bin'
[3.472s] Level 1:colcon.colcon_core.environment:checking '/home/santiregui/ros2_ws/src/etasl_ros2/install/etasl_ros2/lib/pkgconfig/etasl_ros2.pc'
[3.472s] Level 1:colcon.colcon_core.environment:checking '/home/santiregui/ros2_ws/src/etasl_ros2/install/etasl_ros2/lib/python3.10/site-packages'
[3.472s] Level 1:colcon.colcon_core.environment:checking '/home/santiregui/ros2_ws/src/etasl_ros2/install/etasl_ros2/bin'
[3.477s] INFO:colcon.colcon_core.shell:Creating package script '/home/santiregui/ros2_ws/src/etasl_ros2/install/etasl_ros2/share/etasl_ros2/package.ps1'
[3.478s] INFO:colcon.colcon_core.shell:Creating package descriptor '/home/santiregui/ros2_ws/src/etasl_ros2/install/etasl_ros2/share/etasl_ros2/package.dsv'
[3.478s] INFO:colcon.colcon_core.shell:Creating package script '/home/santiregui/ros2_ws/src/etasl_ros2/install/etasl_ros2/share/etasl_ros2/package.sh'
[3.478s] INFO:colcon.colcon_core.shell:Creating package script '/home/santiregui/ros2_ws/src/etasl_ros2/install/etasl_ros2/share/etasl_ros2/package.bash'
[3.479s] INFO:colcon.colcon_core.shell:Creating package script '/home/santiregui/ros2_ws/src/etasl_ros2/install/etasl_ros2/share/etasl_ros2/package.zsh'
[3.479s] Level 1:colcon.colcon_core.environment:create_file_with_runtime_dependencies(/home/santiregui/ros2_ws/src/etasl_ros2/install/etasl_ros2/share/colcon-core/packages/etasl_ros2)
[3.512s] Level 1:colcon.colcon_core.environment:create_environment_scripts_only(etasl_ros2)
[3.518s] Level 1:colcon.colcon_core.environment:checking '/home/santiregui/ros2_ws/src/etasl_ros2/install/etasl_ros2' for CMake module files
[3.519s] Level 1:colcon.colcon_core.environment:checking '/home/santiregui/ros2_ws/src/etasl_ros2/install/etasl_ros2' for CMake config files
[3.519s] Level 1:colcon.colcon_core.shell:create_environment_hook('etasl_ros2', 'cmake_prefix_path')
[3.525s] INFO:colcon.colcon_core.shell:Creating environment hook '/home/santiregui/ros2_ws/src/etasl_ros2/install/etasl_ros2/share/etasl_ros2/hook/cmake_prefix_path.ps1'
[3.525s] INFO:colcon.colcon_core.shell:Creating environment descriptor '/home/santiregui/ros2_ws/src/etasl_ros2/install/etasl_ros2/share/etasl_ros2/hook/cmake_prefix_path.dsv'
[3.525s] INFO:colcon.colcon_core.shell:Creating environment hook '/home/santiregui/ros2_ws/src/etasl_ros2/install/etasl_ros2/share/etasl_ros2/hook/cmake_prefix_path.sh'
[3.525s] Level 1:colcon.colcon_core.environment:checking '/home/santiregui/ros2_ws/src/etasl_ros2/install/etasl_ros2/lib'
[3.525s] Level 1:colcon.colcon_core.environment:checking '/home/santiregui/ros2_ws/src/etasl_ros2/install/etasl_ros2/bin'
[3.526s] Level 1:colcon.colcon_core.environment:checking '/home/santiregui/ros2_ws/src/etasl_ros2/install/etasl_ros2/lib/pkgconfig/etasl_ros2.pc'
[3.526s] Level 1:colcon.colcon_core.environment:checking '/home/santiregui/ros2_ws/src/etasl_ros2/install/etasl_ros2/lib/python3.10/site-packages'
[3.526s] Level 1:colcon.colcon_core.environment:checking '/home/santiregui/ros2_ws/src/etasl_ros2/install/etasl_ros2/bin'
[3.532s] INFO:colcon.colcon_core.shell:Creating package script '/home/santiregui/ros2_ws/src/etasl_ros2/install/etasl_ros2/share/etasl_ros2/package.ps1'
[3.532s] INFO:colcon.colcon_core.shell:Creating package descriptor '/home/santiregui/ros2_ws/src/etasl_ros2/install/etasl_ros2/share/etasl_ros2/package.dsv'
[3.532s] INFO:colcon.colcon_core.shell:Creating package script '/home/santiregui/ros2_ws/src/etasl_ros2/install/etasl_ros2/share/etasl_ros2/package.sh'
[3.532s] INFO:colcon.colcon_core.shell:Creating package script '/home/santiregui/ros2_ws/src/etasl_ros2/install/etasl_ros2/share/etasl_ros2/package.bash'
[3.533s] INFO:colcon.colcon_core.shell:Creating package script '/home/santiregui/ros2_ws/src/etasl_ros2/install/etasl_ros2/share/etasl_ros2/package.zsh'
[3.533s] Level 1:colcon.colcon_core.environment:create_file_with_runtime_dependencies(/home/santiregui/ros2_ws/src/etasl_ros2/install/etasl_ros2/share/colcon-core/packages/etasl_ros2)
[3.533s] DEBUG:colcon.colcon_parallel_executor.executor.parallel:closing loop
[3.533s] DEBUG:colcon.colcon_parallel_executor.executor.parallel:loop closed
[3.534s] DEBUG:colcon.colcon_parallel_executor.executor.parallel:run_until_complete finished with '0'
[3.534s] DEBUG:colcon.colcon_core.event_reactor:joining thread
[3.542s] INFO:colcon.colcon_core.plugin_system:Skipping extension 'colcon_notification.desktop_notification.notify_send': Could not find 'notify-send'
[3.543s] INFO:colcon.colcon_core.plugin_system:Skipping extension 'colcon_notification.desktop_notification.terminal_notifier': Not used on non-Darwin systems
[3.543s] INFO:colcon.colcon_core.plugin_system:Skipping extension 'colcon_notification.desktop_notification.win32': Not used on non-Windows systems
[3.543s] INFO:colcon.colcon_notification.desktop_notification:Sending desktop notification using 'notify2'
[3.549s] DEBUG:colcon.colcon_core.event_reactor:joined thread
[3.557s] INFO:colcon.colcon_core.shell:Creating prefix script '/home/santiregui/ros2_ws/src/etasl_ros2/install/local_setup.ps1'
[3.557s] INFO:colcon.colcon_core.shell:Creating prefix util module '/home/santiregui/ros2_ws/src/etasl_ros2/install/_local_setup_util_ps1.py'
[3.558s] INFO:colcon.colcon_core.shell:Creating prefix chain script '/home/santiregui/ros2_ws/src/etasl_ros2/install/setup.ps1'
[3.564s] INFO:colcon.colcon_core.shell:Creating prefix script '/home/santiregui/ros2_ws/src/etasl_ros2/install/local_setup.sh'
[3.565s] INFO:colcon.colcon_core.shell:Creating prefix util module '/home/santiregui/ros2_ws/src/etasl_ros2/install/_local_setup_util_sh.py'
[3.565s] INFO:colcon.colcon_core.shell:Creating prefix chain script '/home/santiregui/ros2_ws/src/etasl_ros2/install/setup.sh'
[3.572s] INFO:colcon.colcon_core.shell:Creating prefix script '/home/santiregui/ros2_ws/src/etasl_ros2/install/local_setup.bash'
[3.572s] INFO:colcon.colcon_core.shell:Creating prefix chain script '/home/santiregui/ros2_ws/src/etasl_ros2/install/setup.bash'
[3.578s] INFO:colcon.colcon_core.shell:Creating prefix script '/home/santiregui/ros2_ws/src/etasl_ros2/install/local_setup.zsh'
[3.578s] INFO:colcon.colcon_core.shell:Creating prefix chain script '/home/santiregui/ros2_ws/src/etasl_ros2/install/setup.zsh'
