[0.395s] DEBUG:colcon:Command line arguments: ['/usr/bin/colcon', 'build']
[0.395s] DEBUG:colcon:Parsed command line arguments: Namespace(log_base=None, log_level=None, verb_name='build', build_base='build', install_base='install', merge_install=False, symlink_install=False, test_result_base=None, continue_on_error=False, executor='parallel', parallel_workers=16, event_handlers=None, ignore_user_meta=False, metas=['./colcon.meta'], base_paths=['.'], packages_ignore=None, packages_ignore_regex=None, paths=None, packages_up_to=None, packages_up_to_regex=None, packages_above=None, packages_above_and_dependencies=None, packages_above_depth=None, packages_select_by_dep=None, packages_skip_by_dep=None, packages_skip_up_to=None, packages_select_build_failed=False, packages_skip_build_finished=False, packages_select_test_failures=False, packages_skip_test_passed=False, packages_select=None, packages_skip=None, packages_select_regex=None, packages_skip_regex=None, packages_start=None, packages_end=None, allow_overriding=[], cmake_args=None, cmake_target=None, cmake_target_skip_unavailable=False, cmake_clean_cache=False, cmake_clean_first=False, cmake_force_configure=False, ament_cmake_args=None, catkin_cmake_args=None, catkin_skip_building_tests=False, verb_parser=<colcon_defaults.argument_parser.defaults.DefaultArgumentsDecorator object at 0x7a436ee79540>, verb_extension=<colcon_core.verb.build.BuildVerb object at 0x7a436ee11ea0>, main=<bound method BuildVerb.main of <colcon_core.verb.build.BuildVerb object at 0x7a436ee11ea0>>)
[0.415s] Level 1:colcon.colcon_core.package_discovery:discover_packages(colcon_meta) check parameters
[0.415s] Level 1:colcon.colcon_core.package_discovery:discover_packages(recursive) check parameters
[0.415s] Level 1:colcon.colcon_core.package_discovery:discover_packages(ignore) check parameters
[0.415s] Level 1:colcon.colcon_core.package_discovery:discover_packages(path) check parameters
[0.415s] Level 1:colcon.colcon_core.package_discovery:discover_packages(colcon_meta) discover
[0.415s] Level 1:colcon.colcon_core.package_discovery:discover_packages(recursive) discover
[0.415s] INFO:colcon.colcon_core.package_discovery:Crawling recursively for packages in '/home/santiregui/ros2_ws/src/etasl_ros2'
[0.415s] Level 1:colcon.colcon_core.package_identification:_identify(.) by extensions ['ignore', 'ignore_ament_install']
[0.415s] Level 1:colcon.colcon_core.package_identification:_identify(.) by extension 'ignore'
[0.415s] Level 1:colcon.colcon_core.package_identification:_identify(.) by extension 'ignore_ament_install'
[0.416s] Level 1:colcon.colcon_core.package_identification:_identify(.) by extensions ['colcon_pkg']
[0.416s] Level 1:colcon.colcon_core.package_identification:_identify(.) by extension 'colcon_pkg'
[0.416s] Level 1:colcon.colcon_core.package_identification:_identify(.) by extensions ['colcon_meta']
[0.416s] Level 1:colcon.colcon_core.package_identification:_identify(.) by extension 'colcon_meta'
[0.416s] Level 1:colcon.colcon_core.package_identification:_identify(.) by extensions ['ros']
[0.416s] Level 1:colcon.colcon_core.package_identification:_identify(.) by extension 'ros'
[0.422s] DEBUG:colcon.colcon_core.package_identification:Package '.' with type 'ros.ament_cmake' and name 'etasl_ros2'
[0.422s] Level 1:colcon.colcon_core.package_discovery:discover_packages(recursive) using defaults
[0.422s] Level 1:colcon.colcon_core.package_discovery:discover_packages(ignore) discover
[0.422s] Level 1:colcon.colcon_core.package_discovery:discover_packages(ignore) using defaults
[0.422s] Level 1:colcon.colcon_core.package_discovery:discover_packages(path) discover
[0.422s] Level 1:colcon.colcon_core.package_discovery:discover_packages(path) using defaults
[0.459s] Level 1:colcon.colcon_core.package_discovery:discover_packages(prefix_path) check parameters
[0.459s] Level 1:colcon.colcon_core.package_discovery:discover_packages(prefix_path) discover
[0.471s] DEBUG:colcon.colcon_installed_package_information.package_discovery:Found 288 installed packages in /opt/ros/humble
[0.471s] Level 1:colcon.colcon_core.package_discovery:discover_packages(prefix_path) using defaults
[0.521s] Level 5:colcon.colcon_core.verb:set package 'etasl_ros2' build argument 'cmake_args' from command line to 'None'
[0.521s] Level 5:colcon.colcon_core.verb:set package 'etasl_ros2' build argument 'cmake_target' from command line to 'None'
[0.521s] Level 5:colcon.colcon_core.verb:set package 'etasl_ros2' build argument 'cmake_target_skip_unavailable' from command line to 'False'
[0.521s] Level 5:colcon.colcon_core.verb:set package 'etasl_ros2' build argument 'cmake_clean_cache' from command line to 'False'
[0.521s] Level 5:colcon.colcon_core.verb:set package 'etasl_ros2' build argument 'cmake_clean_first' from command line to 'False'
[0.521s] Level 5:colcon.colcon_core.verb:set package 'etasl_ros2' build argument 'cmake_force_configure' from command line to 'False'
[0.521s] Level 5:colcon.colcon_core.verb:set package 'etasl_ros2' build argument 'ament_cmake_args' from command line to 'None'
[0.521s] Level 5:colcon.colcon_core.verb:set package 'etasl_ros2' build argument 'catkin_cmake_args' from command line to 'None'
[0.521s] Level 5:colcon.colcon_core.verb:set package 'etasl_ros2' build argument 'catkin_skip_building_tests' from command line to 'False'
[0.521s] DEBUG:colcon.colcon_core.verb:Building package 'etasl_ros2' with the following arguments: {'ament_cmake_args': None, 'build_base': '/home/santiregui/ros2_ws/src/etasl_ros2/build/etasl_ros2', 'catkin_cmake_args': None, 'catkin_skip_building_tests': False, 'cmake_args': None, 'cmake_clean_cache': False, 'cmake_clean_first': False, 'cmake_force_configure': False, 'cmake_target': None, 'cmake_target_skip_unavailable': False, 'install_base': '/home/santiregui/ros2_ws/src/etasl_ros2/install/etasl_ros2', 'merge_install': False, 'path': '/home/santiregui/ros2_ws/src/etasl_ros2', 'symlink_install': False, 'test_result_base': None}
[0.526s] INFO:colcon.colcon_core.executor:Executing jobs using 'parallel' executor
[0.532s] DEBUG:colcon.colcon_parallel_executor.executor.parallel:run_until_complete
[0.532s] INFO:colcon.colcon_ros.task.ament_cmake.build:Building ROS package in '/home/santiregui/ros2_ws/src/etasl_ros2' with build type 'ament_cmake'
[0.533s] INFO:colcon.colcon_cmake.task.cmake.build:Building CMake package in '/home/santiregui/ros2_ws/src/etasl_ros2'
[0.540s] INFO:colcon.colcon_core.plugin_system:Skipping extension 'colcon_core.shell.bat': Not used on non-Windows systems
[0.540s] INFO:colcon.colcon_core.shell:Skip shell extension 'powershell' for command environment: Not usable outside of PowerShell
[0.540s] DEBUG:colcon.colcon_core.shell:Skip shell extension 'dsv' for command environment
[0.563s] DEBUG:colcon.colcon_core.event_handler.log_command:Invoking command in '/home/santiregui/ros2_ws/src/etasl_ros2/build/etasl_ros2': CMAKE_PREFIX_PATH=/opt/ros/humble /usr/bin/cmake --build /home/santiregui/ros2_ws/src/etasl_ros2/build/etasl_ros2 -- -j16 -l16
[3.945s] DEBUG:colcon.colcon_core.event_handler.log_command:Invoked command in '/home/santiregui/ros2_ws/src/etasl_ros2/build/etasl_ros2' returned '0': CMAKE_PREFIX_PATH=/opt/ros/humble /usr/bin/cmake --build /home/santiregui/ros2_ws/src/etasl_ros2/build/etasl_ros2 -- -j16 -l16
[3.985s] DEBUG:colcon.colcon_core.event_handler.log_command:Invoking command in '/home/santiregui/ros2_ws/src/etasl_ros2/build/etasl_ros2': CMAKE_PREFIX_PATH=/opt/ros/humble /usr/bin/cmake --install /home/santiregui/ros2_ws/src/etasl_ros2/build/etasl_ros2
[3.994s] Level 1:colcon.colcon_core.environment:create_environment_scripts_only(etasl_ros2)
[3.994s] DEBUG:colcon.colcon_core.event_handler.log_command:Invoked command in '/home/santiregui/ros2_ws/src/etasl_ros2/build/etasl_ros2' returned '0': CMAKE_PREFIX_PATH=/opt/ros/humble /usr/bin/cmake --install /home/santiregui/ros2_ws/src/etasl_ros2/build/etasl_ros2
[4.001s] Level 1:colcon.colcon_core.environment:checking '/home/santiregui/ros2_ws/src/etasl_ros2/install/etasl_ros2' for CMake module files
[4.001s] Level 1:colcon.colcon_core.environment:checking '/home/santiregui/ros2_ws/src/etasl_ros2/install/etasl_ros2' for CMake config files
[4.002s] Level 1:colcon.colcon_core.shell:create_environment_hook('etasl_ros2', 'cmake_prefix_path')
[4.008s] INFO:colcon.colcon_core.shell:Creating environment hook '/home/santiregui/ros2_ws/src/etasl_ros2/install/etasl_ros2/share/etasl_ros2/hook/cmake_prefix_path.ps1'
[4.008s] INFO:colcon.colcon_core.shell:Creating environment descriptor '/home/santiregui/ros2_ws/src/etasl_ros2/install/etasl_ros2/share/etasl_ros2/hook/cmake_prefix_path.dsv'
[4.008s] INFO:colcon.colcon_core.shell:Creating environment hook '/home/santiregui/ros2_ws/src/etasl_ros2/install/etasl_ros2/share/etasl_ros2/hook/cmake_prefix_path.sh'
[4.009s] Level 1:colcon.colcon_core.environment:checking '/home/santiregui/ros2_ws/src/etasl_ros2/install/etasl_ros2/lib'
[4.009s] Level 1:colcon.colcon_core.environment:checking '/home/santiregui/ros2_ws/src/etasl_ros2/install/etasl_ros2/bin'
[4.009s] Level 1:colcon.colcon_core.environment:checking '/home/santiregui/ros2_ws/src/etasl_ros2/install/etasl_ros2/lib/pkgconfig/etasl_ros2.pc'
[4.009s] Level 1:colcon.colcon_core.environment:checking '/home/santiregui/ros2_ws/src/etasl_ros2/install/etasl_ros2/lib/python3.10/site-packages'
[4.009s] Level 1:colcon.colcon_core.environment:checking '/home/santiregui/ros2_ws/src/etasl_ros2/install/etasl_ros2/bin'
[4.015s] INFO:colcon.colcon_core.shell:Creating package script '/home/santiregui/ros2_ws/src/etasl_ros2/install/etasl_ros2/share/etasl_ros2/package.ps1'
[4.016s] INFO:colcon.colcon_core.shell:Creating package descriptor '/home/santiregui/ros2_ws/src/etasl_ros2/install/etasl_ros2/share/etasl_ros2/package.dsv'
[4.016s] INFO:colcon.colcon_core.shell:Creating package script '/home/santiregui/ros2_ws/src/etasl_ros2/install/etasl_ros2/share/etasl_ros2/package.sh'
[4.016s] INFO:colcon.colcon_core.shell:Creating package script '/home/santiregui/ros2_ws/src/etasl_ros2/install/etasl_ros2/share/etasl_ros2/package.bash'
[4.017s] INFO:colcon.colcon_core.shell:Creating package script '/home/santiregui/ros2_ws/src/etasl_ros2/install/etasl_ros2/share/etasl_ros2/package.zsh'
[4.017s] Level 1:colcon.colcon_core.environment:create_file_with_runtime_dependencies(/home/santiregui/ros2_ws/src/etasl_ros2/install/etasl_ros2/share/colcon-core/packages/etasl_ros2)
[4.057s] Level 1:colcon.colcon_core.environment:create_environment_scripts_only(etasl_ros2)
[4.063s] Level 1:colcon.colcon_core.environment:checking '/home/santiregui/ros2_ws/src/etasl_ros2/install/etasl_ros2' for CMake module files
[4.064s] Level 1:colcon.colcon_core.environment:checking '/home/santiregui/ros2_ws/src/etasl_ros2/install/etasl_ros2' for CMake config files
[4.064s] Level 1:colcon.colcon_core.shell:create_environment_hook('etasl_ros2', 'cmake_prefix_path')
[4.070s] INFO:colcon.colcon_core.shell:Creating environment hook '/home/santiregui/ros2_ws/src/etasl_ros2/install/etasl_ros2/share/etasl_ros2/hook/cmake_prefix_path.ps1'
[4.070s] INFO:colcon.colcon_core.shell:Creating environment descriptor '/home/santiregui/ros2_ws/src/etasl_ros2/install/etasl_ros2/share/etasl_ros2/hook/cmake_prefix_path.dsv'
[4.070s] INFO:colcon.colcon_core.shell:Creating environment hook '/home/santiregui/ros2_ws/src/etasl_ros2/install/etasl_ros2/share/etasl_ros2/hook/cmake_prefix_path.sh'
[4.070s] Level 1:colcon.colcon_core.environment:checking '/home/santiregui/ros2_ws/src/etasl_ros2/install/etasl_ros2/lib'
[4.070s] Level 1:colcon.colcon_core.environment:checking '/home/santiregui/ros2_ws/src/etasl_ros2/install/etasl_ros2/bin'
[4.070s] Level 1:colcon.colcon_core.environment:checking '/home/santiregui/ros2_ws/src/etasl_ros2/install/etasl_ros2/lib/pkgconfig/etasl_ros2.pc'
[4.071s] Level 1:colcon.colcon_core.environment:checking '/home/santiregui/ros2_ws/src/etasl_ros2/install/etasl_ros2/lib/python3.10/site-packages'
[4.071s] Level 1:colcon.colcon_core.environment:checking '/home/santiregui/ros2_ws/src/etasl_ros2/install/etasl_ros2/bin'
[4.078s] INFO:colcon.colcon_core.shell:Creating package script '/home/santiregui/ros2_ws/src/etasl_ros2/install/etasl_ros2/share/etasl_ros2/package.ps1'
[4.079s] INFO:colcon.colcon_core.shell:Creating package descriptor '/home/santiregui/ros2_ws/src/etasl_ros2/install/etasl_ros2/share/etasl_ros2/package.dsv'
[4.079s] INFO:colcon.colcon_core.shell:Creating package script '/home/santiregui/ros2_ws/src/etasl_ros2/install/etasl_ros2/share/etasl_ros2/package.sh'
[4.079s] INFO:colcon.colcon_core.shell:Creating package script '/home/santiregui/ros2_ws/src/etasl_ros2/install/etasl_ros2/share/etasl_ros2/package.bash'
[4.079s] INFO:colcon.colcon_core.shell:Creating package script '/home/santiregui/ros2_ws/src/etasl_ros2/install/etasl_ros2/share/etasl_ros2/package.zsh'
[4.080s] Level 1:colcon.colcon_core.environment:create_file_with_runtime_dependencies(/home/santiregui/ros2_ws/src/etasl_ros2/install/etasl_ros2/share/colcon-core/packages/etasl_ros2)
[4.080s] DEBUG:colcon.colcon_parallel_executor.executor.parallel:closing loop
[4.080s] DEBUG:colcon.colcon_parallel_executor.executor.parallel:loop closed
[4.080s] DEBUG:colcon.colcon_parallel_executor.executor.parallel:run_until_complete finished with '0'
[4.080s] DEBUG:colcon.colcon_core.event_reactor:joining thread
[4.089s] INFO:colcon.colcon_core.plugin_system:Skipping extension 'colcon_notification.desktop_notification.notify_send': Could not find 'notify-send'
[4.089s] INFO:colcon.colcon_core.plugin_system:Skipping extension 'colcon_notification.desktop_notification.terminal_notifier': Not used on non-Darwin systems
[4.089s] INFO:colcon.colcon_core.plugin_system:Skipping extension 'colcon_notification.desktop_notification.win32': Not used on non-Windows systems
[4.089s] INFO:colcon.colcon_notification.desktop_notification:Sending desktop notification using 'notify2'
[4.098s] DEBUG:colcon.colcon_core.event_reactor:joined thread
[4.106s] INFO:colcon.colcon_core.shell:Creating prefix script '/home/santiregui/ros2_ws/src/etasl_ros2/install/local_setup.ps1'
[4.106s] INFO:colcon.colcon_core.shell:Creating prefix util module '/home/santiregui/ros2_ws/src/etasl_ros2/install/_local_setup_util_ps1.py'
[4.107s] INFO:colcon.colcon_core.shell:Creating prefix chain script '/home/santiregui/ros2_ws/src/etasl_ros2/install/setup.ps1'
[4.113s] INFO:colcon.colcon_core.shell:Creating prefix script '/home/santiregui/ros2_ws/src/etasl_ros2/install/local_setup.sh'
[4.114s] INFO:colcon.colcon_core.shell:Creating prefix util module '/home/santiregui/ros2_ws/src/etasl_ros2/install/_local_setup_util_sh.py'
[4.114s] INFO:colcon.colcon_core.shell:Creating prefix chain script '/home/santiregui/ros2_ws/src/etasl_ros2/install/setup.sh'
[4.120s] INFO:colcon.colcon_core.shell:Creating prefix script '/home/santiregui/ros2_ws/src/etasl_ros2/install/local_setup.bash'
[4.121s] INFO:colcon.colcon_core.shell:Creating prefix chain script '/home/santiregui/ros2_ws/src/etasl_ros2/install/setup.bash'
[4.127s] INFO:colcon.colcon_core.shell:Creating prefix script '/home/santiregui/ros2_ws/src/etasl_ros2/install/local_setup.zsh'
[4.127s] INFO:colcon.colcon_core.shell:Creating prefix chain script '/home/santiregui/ros2_ws/src/etasl_ros2/install/setup.zsh'
