[35m[1mConsolidate compiler generated dependencies of target etasl_node[0m
[ 33%] [32mBuilding CXX object CMakeFiles/etasl_node.dir/src/etasl_node.cpp.o[0m
[ 66%] [32m[1mLinking CXX executable etasl_node[0m
[100%] Built target etasl_node
-- Install configuration: ""
-- Installing: /home/santiregui/ros2_ws/src/etasl_ros2/install/etasl_ros2/lib/etasl_ros2/etasl_node
-- Set runtime path of "/home/santiregui/ros2_ws/src/etasl_ros2/install/etasl_ros2/lib/etasl_ros2/etasl_node" to ""
-- Up-to-date: /home/santiregui/ros2_ws/src/etasl_ros2/install/etasl_ros2/share/ament_index/resource_index/package_run_dependencies/etasl_ros2
-- Up-to-date: /home/santiregui/ros2_ws/src/etasl_ros2/install/etasl_ros2/share/ament_index/resource_index/parent_prefix_path/etasl_ros2
-- Up-to-date: /home/santiregui/ros2_ws/src/etasl_ros2/install/etasl_ros2/share/etasl_ros2/environment/ament_prefix_path.sh
-- Up-to-date: /home/santiregui/ros2_ws/src/etasl_ros2/install/etasl_ros2/share/etasl_ros2/environment/ament_prefix_path.dsv
-- Up-to-date: /home/santiregui/ros2_ws/src/etasl_ros2/install/etasl_ros2/share/etasl_ros2/environment/path.sh
-- Up-to-date: /home/santiregui/ros2_ws/src/etasl_ros2/install/etasl_ros2/share/etasl_ros2/environment/path.dsv
-- Up-to-date: /home/santiregui/ros2_ws/src/etasl_ros2/install/etasl_ros2/share/etasl_ros2/local_setup.bash
-- Up-to-date: /home/santiregui/ros2_ws/src/etasl_ros2/install/etasl_ros2/share/etasl_ros2/local_setup.sh
-- Up-to-date: /home/santiregui/ros2_ws/src/etasl_ros2/install/etasl_ros2/share/etasl_ros2/local_setup.zsh
-- Up-to-date: /home/santiregui/ros2_ws/src/etasl_ros2/install/etasl_ros2/share/etasl_ros2/local_setup.dsv
-- Installing: /home/santiregui/ros2_ws/src/etasl_ros2/install/etasl_ros2/share/etasl_ros2/package.dsv
-- Up-to-date: /home/santiregui/ros2_ws/src/etasl_ros2/install/etasl_ros2/share/ament_index/resource_index/packages/etasl_ros2
-- Up-to-date: /home/santiregui/ros2_ws/src/etasl_ros2/install/etasl_ros2/share/etasl_ros2/cmake/etasl_ros2Config.cmake
-- Up-to-date: /home/santiregui/ros2_ws/src/etasl_ros2/install/etasl_ros2/share/etasl_ros2/cmake/etasl_ros2Config-version.cmake
-- Up-to-date: /home/santiregui/ros2_ws/src/etasl_ros2/install/etasl_ros2/share/etasl_ros2/package.xml
